<?xml version="1.0" encoding="UTF-8"?>
<!-- Generated by org.testng.reporters.JUnitReportReporter -->
<testsuite hostname="Personal" failures="0" tests="1" name="testCases.TC_001_AccountRegistrationTest" time="2.553" errors="0" timestamp="2024-07-10T19:10:23 IST" skipped="0">
  <testcase classname="testCases.TC_001_AccountRegistrationTest" name="verify_account_registration" time="2.553"/>
</testsuite> <!-- testCases.TC_001_AccountRegistrationTest -->
