<?xml version="1.0" encoding="UTF-8"?>
<!-- Generated by org.testng.reporters.JUnitReportReporter -->
<testsuite hostname="Personal" failures="0" tests="1" name="testCases.TC_002_LoginTest" time="2.330" errors="0" timestamp="2024-07-10T19:10:23 IST" skipped="0">
  <testcase classname="testCases.TC_002_LoginTest" name="verify_login" time="2.330"/>
</testsuite> <!-- testCases.TC_002_LoginTest -->
